SF:lib\api\api_client.dart
DA:32,1
DA:37,0
DA:42,1
DA:43,1
DA:44,3
DA:49,1
DA:50,1
DA:51,2
DA:52,1
DA:53,2
DA:55,0
DA:56,0
DA:57,0
DA:58,0
DA:59,0
DA:60,0
DA:69,1
DA:70,1
DA:71,1
DA:72,4
DA:74,0
DA:79,1
DA:80,1
DA:81,1
DA:82,1
DA:84,4
DA:85,4
DA:87,5
DA:90,1
DA:91,1
DA:92,1
DA:93,1
DA:94,0
DA:96,4
DA:97,4
DA:99,6
DA:102,1
DA:103,1
DA:104,1
DA:105,0
DA:107,3
DA:108,4
DA:110,6
DA:113,1
DA:114,1
DA:115,1
DA:117,3
DA:118,4
DA:120,5
DA:125,1
DA:126,2
DA:128,1
DA:131,1
DA:132,0
DA:135,1
DA:137,0
DA:138,0
DA:142,1
DA:146,1
DA:148,1
DA:151,3
DA:152,1
DA:154,2
DA:156,1
DA:162,1
DA:163,0
DA:166,0
DA:167,0
DA:173,1
DA:175,1
DA:178,1
DA:180,1
DA:183,1
DA:184,1
DA:185,0
DA:188,4
DA:189,5
DA:190,1
DA:195,1
DA:196,4
DA:198,4
DA:199,3
DA:201,1
DA:203,0
DA:204,0
DA:210,2
DA:212,0
DA:216,1
DA:218,0
DA:219,0
DA:223,0
DA:224,0
DA:227,1
DA:228,2
DA:229,6
DA:232,0
DA:234,0
DA:235,0
DA:236,0
DA:237,0
DA:238,0
DA:248,0
DA:249,0
DA:250,0
LF:104
LH:71
end_of_record
SF:lib\api\logging.dart
DA:7,1
DA:8,1
DA:9,1
DA:12,1
DA:15,1
DA:16,1
DA:17,1
DA:19,1
DA:22,0
DA:23,0
DA:24,0
DA:26,0
DA:29,1
DA:30,1
DA:32,8
DA:33,3
LF:16
LH:12
end_of_record
