SF:lib\api\api_client.dart
DA:36,1
DA:41,0
DA:46,1
DA:47,1
DA:48,3
DA:52,0
DA:53,0
DA:54,0
DA:59,1
DA:60,1
DA:61,2
DA:62,1
DA:63,2
DA:65,0
DA:66,0
DA:67,0
DA:68,0
DA:69,0
DA:70,0
DA:79,1
DA:80,1
DA:81,1
DA:82,4
DA:84,0
DA:89,1
DA:90,1
DA:91,1
DA:92,1
DA:94,4
DA:95,4
DA:97,1
DA:98,5
DA:103,1
DA:104,1
DA:105,1
DA:106,1
DA:107,0
DA:109,4
DA:110,4
DA:113,1
DA:114,6
DA:117,2
DA:119,0
DA:120,0
DA:121,0
DA:122,0
DA:123,0
DA:126,0
DA:130,1
DA:133,1
DA:134,1
DA:135,1
DA:136,0
DA:138,3
DA:139,4
DA:141,1
DA:142,6
DA:147,1
DA:148,1
DA:149,1
DA:151,3
DA:152,4
DA:154,1
DA:155,5
DA:162,1
DA:163,2
DA:165,1
DA:168,1
DA:169,0
DA:172,1
DA:174,0
DA:177,0
DA:181,1
DA:185,1
DA:187,1
DA:190,3
DA:191,1
DA:193,2
DA:195,1
DA:201,1
DA:202,0
DA:205,0
DA:206,0
DA:212,1
DA:214,1
DA:217,1
DA:219,1
DA:222,1
DA:223,1
DA:224,0
DA:227,4
DA:228,5
DA:229,1
DA:234,1
DA:235,4
DA:237,4
DA:238,3
DA:240,1
DA:242,0
DA:243,0
DA:249,2
DA:251,0
DA:255,1
DA:257,0
DA:258,0
DA:262,0
DA:263,0
DA:266,1
DA:267,2
DA:268,5
DA:271,0
DA:273,0
DA:274,0
DA:275,0
DA:276,0
DA:277,0
DA:287,0
DA:288,0
DA:289,0
LF:119
LH:77
end_of_record
SF:lib\api\logging.dart
DA:7,1
DA:8,1
DA:9,1
DA:12,1
DA:13,1
DA:14,1
DA:17,0
DA:18,0
DA:19,0
DA:22,1
DA:23,1
DA:25,8
DA:26,3
LF:13
LH:10
end_of_record
